This file contains any messages produced by compilers while
running configure, to aid debugging if configure makes a mistake.

It was created by gromacs configure 4.0.7, which was
generated by GNU Autoconf 2.61.  Invocation command line was

  $ ./configure --prefix=/home/alarcj/gromacs_stampede/exe/gromacs-4.0.7_flatbottom/exec --without-motif-includes --without-motif-libraries --without-x --without-xml --enable-mpi --program-suffix=_mpi

## --------- ##
## Platform. ##
## --------- ##

hostname = comet-ln2.sdsc.edu
uname -m = x86_64
uname -r = 3.10.73-1.el6.elrepo.x86_64
uname -s = Linux
uname -v = #1 SMP Thu Mar 26 16:28:30 EDT 2015

/usr/bin/uname -p = unknown
/bin/uname -X     = unknown

/bin/arch              = x86_64
/usr/bin/arch -k       = unknown
/usr/convex/getsysinfo = unknown
/usr/bin/hostinfo      = unknown
/bin/machine           = unknown
/usr/bin/oslevel       = unknown
/bin/universe          = unknown

PATH: /opt/fasttree/bin
PATH: /opt/gnu/gcc/bin
PATH: /opt/gnu/bin
PATH: /opt/mvapich2/intel/ib/bin
PATH: /opt/intel/composer_xe_2013_sp1.2.144/bin/intel64
PATH: /opt/intel/composer_xe_2013_sp1.2.144/mpirt/bin/intel64
PATH: /opt/intel/composer_xe_2013_sp1.2.144/debugger/gdb/intel64_mic/bin
PATH: /usr/lib64/qt-3.3/bin
PATH: /usr/local/bin
PATH: /bin
PATH: /usr/bin
PATH: /usr/local/sbin
PATH: /usr/sbin
PATH: /sbin
PATH: /opt/ibutils/bin
PATH: /usr/java/latest/bin
PATH: /opt/pdsh/bin
PATH: /opt/rocks/bin
PATH: /opt/rocks/sbin
PATH: /opt/sdsc/bin
PATH: /opt/sdsc/sbin
PATH: /home/alarcj/bin


## ----------- ##
## Core tests. ##
## ----------- ##

configure:2090: checking build system type
configure:2108: result: x86_64-unknown-linux-gnu
configure:2130: checking host system type
configure:2145: result: x86_64-unknown-linux-gnu
configure:2183: checking for a BSD-compatible install
configure:2239: result: /usr/bin/install -c
configure:2250: checking whether build environment is sane
configure:2293: result: yes
configure:2321: checking for a thread-safe mkdir -p
configure:2360: result: /bin/mkdir -p
configure:2373: checking for gawk
configure:2389: found /bin/gawk
configure:2400: result: gawk
configure:2411: checking whether make sets $(MAKE)
configure:2432: result: yes
configure:2615: checking how to create a ustar tar archive
configure:2628: tar --version
tar (GNU tar) 1.23
Copyright (C) 2010 Free Software Foundation, Inc.
License GPLv3+: GNU GPL version 3 or later <http://gnu.org/licenses/gpl.html>.
This is free software: you are free to change and redistribute it.
There is NO WARRANTY, to the extent permitted by law.

Written by John Gilmore and Jay Fenlason.
configure:2631: $? = 0
configure:2671: tardir=conftest.dir && eval tar --format=ustar -chf - "$tardir" >conftest.tar
configure:2674: $? = 0
configure:2678: tar -xf - <conftest.tar
configure:2681: $? = 0
configure:2694: result: gnutar
configure:3361: checking for C compiler version
configure:3368: icc --version >&5
icc (ICC) 14.0.2 20140120
Copyright (C) 1985-2014 Intel Corporation.  All rights reserved.

configure:3371: $? = 0
configure:3378: icc -v >&5
icc version 14.0.2 (gcc version 4.8.0 compatibility)
configure:3381: $? = 0
configure:3388: icc -V >&5
Intel(R) C Intel(R) 64 Compiler XE for applications running on Intel(R) 64, Version 14.0.2.144 Build 20140120
Copyright (C) 1985-2014 Intel Corporation.  All rights reserved.

configure:3391: $? = 0
configure:3414: checking for C compiler default output file name
configure:3441: icc  -I/home/alarcj/gromacs_stampede/exe/gromacs-4.0.7_flatbottom/../fftw-3.3.3_sse2/exec/include -L/home/alarcj/gromacs_stampede/exe/gromacs-4.0.7_flatbottom/../fftw-3.3.3_sse2/exec/lib conftest.c  >&5
configure:3444: $? = 0
configure:3482: result: a.out
configure:3499: checking whether the C compiler works
configure:3509: ./a.out
configure:3512: $? = 0
configure:3529: result: yes
configure:3536: checking whether we are cross compiling
configure:3538: result: no
configure:3541: checking for suffix of executables
configure:3548: icc -o conftest  -I/home/alarcj/gromacs_stampede/exe/gromacs-4.0.7_flatbottom/../fftw-3.3.3_sse2/exec/include -L/home/alarcj/gromacs_stampede/exe/gromacs-4.0.7_flatbottom/../fftw-3.3.3_sse2/exec/lib conftest.c  >&5
configure:3551: $? = 0
configure:3575: result: 
configure:3581: checking for suffix of object files
configure:3607: icc -c  -I/home/alarcj/gromacs_stampede/exe/gromacs-4.0.7_flatbottom/../fftw-3.3.3_sse2/exec/include conftest.c >&5
configure:3610: $? = 0
configure:3633: result: o
configure:3637: checking whether we are using the GNU C compiler
configure:3666: icc -c  -I/home/alarcj/gromacs_stampede/exe/gromacs-4.0.7_flatbottom/../fftw-3.3.3_sse2/exec/include conftest.c >&5
configure:3672: $? = 0
configure:3689: result: yes
configure:3694: checking whether icc accepts -g
configure:3724: icc -c -g -I/home/alarcj/gromacs_stampede/exe/gromacs-4.0.7_flatbottom/../fftw-3.3.3_sse2/exec/include conftest.c >&5
configure:3730: $? = 0
configure:3829: result: yes
configure:3846: checking for icc option to accept ISO C89
configure:3920: icc  -c -g -O2 -I/home/alarcj/gromacs_stampede/exe/gromacs-4.0.7_flatbottom/../fftw-3.3.3_sse2/exec/include conftest.c >&5
configure:3926: $? = 0
configure:3949: result: none needed
configure:3978: checking for style of include used by make
configure:4006: result: GNU
configure:4031: checking dependency style of icc
configure:4122: result: gcc3
configure:4420: checking dependency style of icc
configure:4511: result: gcc3
configure:4536: checking for mpxlc
configure:4566: result: no
configure:4536: checking for mpicc
configure:4552: found /opt/mvapich2/intel/ib/bin/mpicc
configure:4563: result: mpicc
configure:4577: checking whether the MPI cc command works
configure:4601: mpicc -o conftest -g -O2 -I/home/alarcj/gromacs_stampede/exe/gromacs-4.0.7_flatbottom/../fftw-3.3.3_sse2/exec/include -L/home/alarcj/gromacs_stampede/exe/gromacs-4.0.7_flatbottom/../fftw-3.3.3_sse2/exec/lib conftest.c  >&5
configure:4607: $? = 0
configure:4613: result: yes
configure:4636: checking for catamount
configure:4664: mpicc -c -g -O2 -I/home/alarcj/gromacs_stampede/exe/gromacs-4.0.7_flatbottom/../fftw-3.3.3_sse2/exec/include conftest.c >&5
conftest.c(19): catastrophic error: #error directive: not catamount
  #error not catamount
   ^

compilation aborted for conftest.c (code 4)
configure:4670: $? = 4
configure: failed program was:
| /* confdefs.h.  */
| #define PACKAGE_NAME "gromacs"
| #define PACKAGE_TARNAME "gromacs"
| #define PACKAGE_VERSION "4.0.7"
| #define PACKAGE_STRING "gromacs 4.0.7"
| #define PACKAGE_BUGREPORT "gmx-users@gromacs.org"
| #define PACKAGE "gromacs"
| #define VERSION "4.0.7"
| #define GMX_SOFTWARE_SQRT
| #define GMX_QMMM_GAUSSIAN
| #define BUILD_TIME "Tue Jul 14 16:27:55 PDT 2015"
| #define BUILD_USER "alarcj@comet-ln2.sdsc.edu"
| #define BUILD_MACHINE "Linux 3.10.73-1.el6.elrepo.x86_64 x86_64"
| #define GMX_MPI
| /* end confdefs.h.  */
| 
| #if defined __QK_USER__
| #else
| #error not catamount
| #endif
| 
| int
| main ()
| {
| 
|   ;
|   return 0;
| }
configure:4706: result: no
configure:5590: checking how to run the C preprocessor
configure:5630: mpicc -E -I/home/alarcj/gromacs_stampede/exe/gromacs-4.0.7_flatbottom/../fftw-3.3.3_sse2/exec/include conftest.c
configure:5636: $? = 0
configure:5667: mpicc -E -I/home/alarcj/gromacs_stampede/exe/gromacs-4.0.7_flatbottom/../fftw-3.3.3_sse2/exec/include conftest.c
conftest.c(18): error #2379: cannot open source file "ac_nonexistent.h"
  #include <ac_nonexistent.h>
                             ^

configure:5673: $? = 2
configure: failed program was:
| /* confdefs.h.  */
| #define PACKAGE_NAME "gromacs"
| #define PACKAGE_TARNAME "gromacs"
| #define PACKAGE_VERSION "4.0.7"
| #define PACKAGE_STRING "gromacs 4.0.7"
| #define PACKAGE_BUGREPORT "gmx-users@gromacs.org"
| #define PACKAGE "gromacs"
| #define VERSION "4.0.7"
| #define GMX_SOFTWARE_SQRT
| #define GMX_QMMM_GAUSSIAN
| #define BUILD_TIME "Tue Jul 14 16:27:55 PDT 2015"
| #define BUILD_USER "alarcj@comet-ln2.sdsc.edu"
| #define BUILD_MACHINE "Linux 3.10.73-1.el6.elrepo.x86_64 x86_64"
| #define GMX_MPI
| #define F77_OR_C_FUNC(name,NAME) name
| #define F77_OR_C_FUNC_(name,NAME) name
| /* end confdefs.h.  */
| #include <ac_nonexistent.h>
configure:5706: result: mpicc -E
configure:5735: mpicc -E -I/home/alarcj/gromacs_stampede/exe/gromacs-4.0.7_flatbottom/../fftw-3.3.3_sse2/exec/include conftest.c
configure:5741: $? = 0
configure:5772: mpicc -E -I/home/alarcj/gromacs_stampede/exe/gromacs-4.0.7_flatbottom/../fftw-3.3.3_sse2/exec/include conftest.c
conftest.c(18): error #2379: cannot open source file "ac_nonexistent.h"
  #include <ac_nonexistent.h>
                             ^

configure:5778: $? = 2
configure: failed program was:
| /* confdefs.h.  */
| #define PACKAGE_NAME "gromacs"
| #define PACKAGE_TARNAME "gromacs"
| #define PACKAGE_VERSION "4.0.7"
| #define PACKAGE_STRING "gromacs 4.0.7"
| #define PACKAGE_BUGREPORT "gmx-users@gromacs.org"
| #define PACKAGE "gromacs"
| #define VERSION "4.0.7"
| #define GMX_SOFTWARE_SQRT
| #define GMX_QMMM_GAUSSIAN
| #define BUILD_TIME "Tue Jul 14 16:27:55 PDT 2015"
| #define BUILD_USER "alarcj@comet-ln2.sdsc.edu"
| #define BUILD_MACHINE "Linux 3.10.73-1.el6.elrepo.x86_64 x86_64"
| #define GMX_MPI
| #define F77_OR_C_FUNC(name,NAME) name
| #define F77_OR_C_FUNC_(name,NAME) name
| /* end confdefs.h.  */
| #include <ac_nonexistent.h>
configure:6501: checking whether mpicc accepts -funroll-all-loops
configure:6519: result: yes
configure:6558: checking whether mpicc accepts -O3 -tpp7 -axW -ip -w -funroll-all-loops
configure:6576: result: yes
configure:6668: checking for grep that handles long lines and -e
configure:6742: result: /bin/grep
configure:6747: checking for egrep
configure:6825: result: /bin/grep -E
configure:6830: checking for ANSI C header files
configure:6868: mpicc -c -O3 -tpp7 -axW -ip -w -funroll-all-loops -I/home/alarcj/gromacs_stampede/exe/gromacs-4.0.7_flatbottom/../fftw-3.3.3_sse2/exec/include -I/usr/local/include conftest.c >&5
configure:6874: $? = 0
configure:6973: mpicc -o conftest -O3 -tpp7 -axW -ip -w -funroll-all-loops -I/home/alarcj/gromacs_stampede/exe/gromacs-4.0.7_flatbottom/../fftw-3.3.3_sse2/exec/include -I/usr/local/include -L/home/alarcj/gromacs_stampede/exe/gromacs-4.0.7_flatbottom/../fftw-3.3.3_sse2/exec/lib  conftest.c  >&5
configure:6976: $? = 0
configure:6982: ./conftest
configure:6985: $? = 0
configure:7002: result: yes
configure:7026: checking for sys/types.h
configure:7047: mpicc -c -O3 -tpp7 -axW -ip -w -funroll-all-loops -I/home/alarcj/gromacs_stampede/exe/gromacs-4.0.7_flatbottom/../fftw-3.3.3_sse2/exec/include -I/usr/local/include conftest.c >&5
configure:7053: $? = 0
configure:7069: result: yes
configure:7026: checking for sys/stat.h
configure:7047: mpicc -c -O3 -tpp7 -axW -ip -w -funroll-all-loops -I/home/alarcj/gromacs_stampede/exe/gromacs-4.0.7_flatbottom/../fftw-3.3.3_sse2/exec/include -I/usr/local/include conftest.c >&5
configure:7053: $? = 0
configure:7069: result: yes
configure:7026: checking for stdlib.h
configure:7047: mpicc -c -O3 -tpp7 -axW -ip -w -funroll-all-loops -I/home/alarcj/gromacs_stampede/exe/gromacs-4.0.7_flatbottom/../fftw-3.3.3_sse2/exec/include -I/usr/local/include conftest.c >&5
configure:7053: $? = 0
configure:7069: result: yes
configure:7026: checking for string.h
configure:7047: mpicc -c -O3 -tpp7 -axW -ip -w -funroll-all-loops -I/home/alarcj/gromacs_stampede/exe/gromacs-4.0.7_flatbottom/../fftw-3.3.3_sse2/exec/include -I/usr/local/include conftest.c >&5
configure:7053: $? = 0
configure:7069: result: yes
configure:7026: checking for memory.h
configure:7047: mpicc -c -O3 -tpp7 -axW -ip -w -funroll-all-loops -I/home/alarcj/gromacs_stampede/exe/gromacs-4.0.7_flatbottom/../fftw-3.3.3_sse2/exec/include -I/usr/local/include conftest.c >&5
configure:7053: $? = 0
configure:7069: result: yes
configure:7026: checking for strings.h
configure:7047: mpicc -c -O3 -tpp7 -axW -ip -w -funroll-all-loops -I/home/alarcj/gromacs_stampede/exe/gromacs-4.0.7_flatbottom/../fftw-3.3.3_sse2/exec/include -I/usr/local/include conftest.c >&5
configure:7053: $? = 0
configure:7069: result: yes
configure:7026: checking for inttypes.h
configure:7047: mpicc -c -O3 -tpp7 -axW -ip -w -funroll-all-loops -I/home/alarcj/gromacs_stampede/exe/gromacs-4.0.7_flatbottom/../fftw-3.3.3_sse2/exec/include -I/usr/local/include conftest.c >&5
configure:7053: $? = 0
configure:7069: result: yes
configure:7026: checking for stdint.h
configure:7047: mpicc -c -O3 -tpp7 -axW -ip -w -funroll-all-loops -I/home/alarcj/gromacs_stampede/exe/gromacs-4.0.7_flatbottom/../fftw-3.3.3_sse2/exec/include -I/usr/local/include conftest.c >&5
configure:7053: $? = 0
configure:7069: result: yes
configure:7026: checking for unistd.h
configure:7047: mpicc -c -O3 -tpp7 -axW -ip -w -funroll-all-loops -I/home/alarcj/gromacs_stampede/exe/gromacs-4.0.7_flatbottom/../fftw-3.3.3_sse2/exec/include -I/usr/local/include conftest.c >&5
configure:7053: $? = 0
configure:7069: result: yes
configure:7081: checking whether byte ordering is bigendian
configure:7122: mpicc -c -O3 -tpp7 -axW -ip -w -funroll-all-loops -I/home/alarcj/gromacs_stampede/exe/gromacs-4.0.7_flatbottom/../fftw-3.3.3_sse2/exec/include -I/usr/local/include conftest.c >&5
configure:7128: $? = 0
configure:7168: mpicc -c -O3 -tpp7 -axW -ip -w -funroll-all-loops -I/home/alarcj/gromacs_stampede/exe/gromacs-4.0.7_flatbottom/../fftw-3.3.3_sse2/exec/include -I/usr/local/include conftest.c >&5
conftest.c(43): error: identifier "not" is undefined
   not big endian
   ^

conftest.c(43): error: expected a ";"
   not big endian
           ^

configure:7174: $? = 2
configure: failed program was:
| /* confdefs.h.  */
| #define PACKAGE_NAME "gromacs"
| #define PACKAGE_TARNAME "gromacs"
| #define PACKAGE_VERSION "4.0.7"
| #define PACKAGE_STRING "gromacs 4.0.7"
| #define PACKAGE_BUGREPORT "gmx-users@gromacs.org"
| #define PACKAGE "gromacs"
| #define VERSION "4.0.7"
| #define GMX_SOFTWARE_SQRT
| #define GMX_QMMM_GAUSSIAN
| #define BUILD_TIME "Tue Jul 14 16:27:55 PDT 2015"
| #define BUILD_USER "alarcj@comet-ln2.sdsc.edu"
| #define BUILD_MACHINE "Linux 3.10.73-1.el6.elrepo.x86_64 x86_64"
| #define GMX_MPI
| #define F77_OR_C_FUNC(name,NAME) name
| #define F77_OR_C_FUNC_(name,NAME) name
| #define STDC_HEADERS 1
| #define HAVE_SYS_TYPES_H 1
| #define HAVE_SYS_STAT_H 1
| #define HAVE_STDLIB_H 1
| #define HAVE_STRING_H 1
| #define HAVE_MEMORY_H 1
| #define HAVE_STRINGS_H 1
| #define HAVE_INTTYPES_H 1
| #define HAVE_STDINT_H 1
| #define HAVE_UNISTD_H 1
| /* end confdefs.h.  */
| #include <sys/types.h>
| #include <sys/param.h>
| 
| #ifdef F77_DUMMY_MAIN
| 
| #  ifdef __cplusplus
|      extern "C"
| #  endif
|    int F77_DUMMY_MAIN() { return 1; }
| 
| #endif
| int
| main ()
| {
| #if BYTE_ORDER != BIG_ENDIAN
|  not big endian
| #endif
| 
|   ;
|   return 0;
| }
configure:7330: result: no
configure:7353: checking for int
configure:7391: mpicc -c -O3 -tpp7 -axW -ip -w -funroll-all-loops -I/home/alarcj/gromacs_stampede/exe/gromacs-4.0.7_flatbottom/../fftw-3.3.3_sse2/exec/include -I/usr/local/include conftest.c >&5
configure:7397: $? = 0
configure:7412: result: yes
configure:7419: checking size of int
configure:7769: mpicc -o conftest -O3 -tpp7 -axW -ip -w -funroll-all-loops -I/home/alarcj/gromacs_stampede/exe/gromacs-4.0.7_flatbottom/../fftw-3.3.3_sse2/exec/include -I/usr/local/include -L/home/alarcj/gromacs_stampede/exe/gromacs-4.0.7_flatbottom/../fftw-3.3.3_sse2/exec/lib  conftest.c  >&5
configure:7772: $? = 0
configure:7778: ./conftest
configure:7781: $? = 0
configure:7804: result: 4
configure:7814: checking for long int
configure:7852: mpicc -c -O3 -tpp7 -axW -ip -w -funroll-all-loops -I/home/alarcj/gromacs_stampede/exe/gromacs-4.0.7_flatbottom/../fftw-3.3.3_sse2/exec/include -I/usr/local/include conftest.c >&5
configure:7858: $? = 0
configure:7873: result: yes
configure:7880: checking size of long int
configure:8230: mpicc -o conftest -O3 -tpp7 -axW -ip -w -funroll-all-loops -I/home/alarcj/gromacs_stampede/exe/gromacs-4.0.7_flatbottom/../fftw-3.3.3_sse2/exec/include -I/usr/local/include -L/home/alarcj/gromacs_stampede/exe/gromacs-4.0.7_flatbottom/../fftw-3.3.3_sse2/exec/lib  conftest.c  >&5
configure:8233: $? = 0
configure:8239: ./conftest
configure:8242: $? = 0
configure:8265: result: 8
configure:8275: checking for long long int
configure:8313: mpicc -c -O3 -tpp7 -axW -ip -w -funroll-all-loops -I/home/alarcj/gromacs_stampede/exe/gromacs-4.0.7_flatbottom/../fftw-3.3.3_sse2/exec/include -I/usr/local/include conftest.c >&5
configure:8319: $? = 0
configure:8334: result: yes
configure:8341: checking size of long long int
configure:8691: mpicc -o conftest -O3 -tpp7 -axW -ip -w -funroll-all-loops -I/home/alarcj/gromacs_stampede/exe/gromacs-4.0.7_flatbottom/../fftw-3.3.3_sse2/exec/include -I/usr/local/include -L/home/alarcj/gromacs_stampede/exe/gromacs-4.0.7_flatbottom/../fftw-3.3.3_sse2/exec/lib  conftest.c  >&5
configure:8694: $? = 0
configure:8700: ./conftest
configure:8703: $? = 0
configure:8726: result: 8
configure:8736: checking for off_t
configure:8774: mpicc -c -O3 -tpp7 -axW -ip -w -funroll-all-loops -I/home/alarcj/gromacs_stampede/exe/gromacs-4.0.7_flatbottom/../fftw-3.3.3_sse2/exec/include -I/usr/local/include conftest.c >&5
configure:8780: $? = 0
configure:8795: result: yes
configure:8802: checking size of off_t
configure:9152: mpicc -o conftest -O3 -tpp7 -axW -ip -w -funroll-all-loops -I/home/alarcj/gromacs_stampede/exe/gromacs-4.0.7_flatbottom/../fftw-3.3.3_sse2/exec/include -I/usr/local/include -L/home/alarcj/gromacs_stampede/exe/gromacs-4.0.7_flatbottom/../fftw-3.3.3_sse2/exec/lib  conftest.c  >&5
configure:9155: $? = 0
configure:9161: ./conftest
configure:9164: $? = 0
configure:9187: result: 8
configure:9202: checking that size_t can hold pointers
configure:9236: mpicc -c -O3 -tpp7 -axW -ip -w -funroll-all-loops -I/home/alarcj/gromacs_stampede/exe/gromacs-4.0.7_flatbottom/../fftw-3.3.3_sse2/exec/include -I/usr/local/include conftest.c >&5
configure:9242: $? = 0
configure:9247: result: yes
configure:9266: checking floating-point format
configure:9287: mpicc -c -O3 -tpp7 -axW -ip -w -funroll-all-loops -I/home/alarcj/gromacs_stampede/exe/gromacs-4.0.7_flatbottom/../fftw-3.3.3_sse2/exec/include -I/usr/local/include conftest.c >&5
configure:9290: $? = 0
configure:9320: result: IEEE754 (little-endian byte and word order)
configure:9398: checking for a BSD-compatible install
configure:9454: result: /usr/bin/install -c
configure:9465: checking whether ln -s works
configure:9469: result: yes
configure:9476: checking whether make sets $(MAKE)
configure:9497: result: yes
configure:9556: checking for a sed that does not truncate output
configure:9610: result: /bin/sed
configure:9624: checking for ld used by mpicc
configure:9691: result: /opt/gnu/bin/ld
configure:9700: checking if the linker (/opt/gnu/bin/ld) is GNU ld
configure:9715: result: yes
configure:9720: checking for /opt/gnu/bin/ld option to reload object files
configure:9727: result: -r
configure:9745: checking for BSD-compatible nm
configure:9794: result: /opt/gnu/bin/nm -B
configure:9798: checking how to recognise dependent libraries
configure:9974: result: pass_all
configure:10061: mpicc -c -O3 -tpp7 -axW -ip -w -funroll-all-loops -I/home/alarcj/gromacs_stampede/exe/gromacs-4.0.7_flatbottom/../fftw-3.3.3_sse2/exec/include -I/usr/local/include conftest.c >&5
configure:10064: $? = 0
configure:10515: checking dlfcn.h usability
configure:10532: mpicc -c -O3 -tpp7 -axW -ip -w -funroll-all-loops -I/home/alarcj/gromacs_stampede/exe/gromacs-4.0.7_flatbottom/../fftw-3.3.3_sse2/exec/include -I/usr/local/include conftest.c >&5
configure:10538: $? = 0
configure:10552: result: yes
configure:10556: checking dlfcn.h presence
configure:10571: mpicc -E -I/home/alarcj/gromacs_stampede/exe/gromacs-4.0.7_flatbottom/../fftw-3.3.3_sse2/exec/include -I/usr/local/include conftest.c
configure:10577: $? = 0
configure:10591: result: yes
configure:10624: checking for dlfcn.h
configure:10632: result: yes
configure:10761: checking for C++ compiler version
configure:10768: icpc --version >&5
icpc (ICC) 14.0.2 20140120
Copyright (C) 1985-2014 Intel Corporation.  All rights reserved.

configure:10771: $? = 0
configure:10778: icpc -v >&5
icpc version 14.0.2 (gcc version 4.8.0 compatibility)
configure:10781: $? = 0
configure:10788: icpc -V >&5
Intel(R) C++ Intel(R) 64 Compiler XE for applications running on Intel(R) 64, Version 14.0.2.144 Build 20140120
Copyright (C) 1985-2014 Intel Corporation.  All rights reserved.

configure:10791: $? = 0
configure:10794: checking whether we are using the GNU C++ compiler
configure:10831: icpc -c  -I/home/alarcj/gromacs_stampede/exe/gromacs-4.0.7_flatbottom/../fftw-3.3.3_sse2/exec/include -I/usr/local/include conftest.cpp >&5
configure:10837: $? = 0
configure:10854: result: yes
configure:10859: checking whether icpc accepts -g
configure:10897: icpc -c -g -I/home/alarcj/gromacs_stampede/exe/gromacs-4.0.7_flatbottom/../fftw-3.3.3_sse2/exec/include -I/usr/local/include conftest.cpp >&5
configure:10903: $? = 0
configure:11018: result: yes
configure:11043: checking dependency style of icpc
configure:11134: result: gcc3
configure:11159: checking how to run the C++ preprocessor
configure:11195: icpc -E -I/home/alarcj/gromacs_stampede/exe/gromacs-4.0.7_flatbottom/../fftw-3.3.3_sse2/exec/include -I/usr/local/include conftest.cpp
configure:11201: $? = 0
configure:11232: icpc -E -I/home/alarcj/gromacs_stampede/exe/gromacs-4.0.7_flatbottom/../fftw-3.3.3_sse2/exec/include -I/usr/local/include conftest.cpp
conftest.cpp(34): error #2379: cannot open source file "ac_nonexistent.h"
  #include <ac_nonexistent.h>
                             ^

configure:11238: $? = 2
configure: failed program was:
| /* confdefs.h.  */
| #define PACKAGE_NAME "gromacs"
| #define PACKAGE_TARNAME "gromacs"
| #define PACKAGE_VERSION "4.0.7"
| #define PACKAGE_STRING "gromacs 4.0.7"
| #define PACKAGE_BUGREPORT "gmx-users@gromacs.org"
| #define PACKAGE "gromacs"
| #define VERSION "4.0.7"
| #define GMX_SOFTWARE_SQRT
| #define GMX_QMMM_GAUSSIAN
| #define BUILD_TIME "Tue Jul 14 16:27:55 PDT 2015"
| #define BUILD_USER "alarcj@comet-ln2.sdsc.edu"
| #define BUILD_MACHINE "Linux 3.10.73-1.el6.elrepo.x86_64 x86_64"
| #define GMX_MPI
| #define F77_OR_C_FUNC(name,NAME) name
| #define F77_OR_C_FUNC_(name,NAME) name
| #define STDC_HEADERS 1
| #define HAVE_SYS_TYPES_H 1
| #define HAVE_SYS_STAT_H 1
| #define HAVE_STDLIB_H 1
| #define HAVE_STRING_H 1
| #define HAVE_MEMORY_H 1
| #define HAVE_STRINGS_H 1
| #define HAVE_INTTYPES_H 1
| #define HAVE_STDINT_H 1
| #define HAVE_UNISTD_H 1
| #define SIZEOF_INT 4
| #define SIZEOF_LONG_INT 8
| #define SIZEOF_LONG_LONG_INT 8
| #define SIZEOF_OFF_T 8
| #define FLOAT_FORMAT_IEEE754
| #define HAVE_DLFCN_H 1
| /* end confdefs.h.  */
| #include <ac_nonexistent.h>
configure:11271: result: icpc -E
configure:11300: icpc -E -I/home/alarcj/gromacs_stampede/exe/gromacs-4.0.7_flatbottom/../fftw-3.3.3_sse2/exec/include -I/usr/local/include conftest.cpp
configure:11306: $? = 0
configure:11337: icpc -E -I/home/alarcj/gromacs_stampede/exe/gromacs-4.0.7_flatbottom/../fftw-3.3.3_sse2/exec/include -I/usr/local/include conftest.cpp
conftest.cpp(34): error #2379: cannot open source file "ac_nonexistent.h"
  #include <ac_nonexistent.h>
                             ^

configure:11343: $? = 2
configure: failed program was:
| /* confdefs.h.  */
| #define PACKAGE_NAME "gromacs"
| #define PACKAGE_TARNAME "gromacs"
| #define PACKAGE_VERSION "4.0.7"
| #define PACKAGE_STRING "gromacs 4.0.7"
| #define PACKAGE_BUGREPORT "gmx-users@gromacs.org"
| #define PACKAGE "gromacs"
| #define VERSION "4.0.7"
| #define GMX_SOFTWARE_SQRT
| #define GMX_QMMM_GAUSSIAN
| #define BUILD_TIME "Tue Jul 14 16:27:55 PDT 2015"
| #define BUILD_USER "alarcj@comet-ln2.sdsc.edu"
| #define BUILD_MACHINE "Linux 3.10.73-1.el6.elrepo.x86_64 x86_64"
| #define GMX_MPI
| #define F77_OR_C_FUNC(name,NAME) name
| #define F77_OR_C_FUNC_(name,NAME) name
| #define STDC_HEADERS 1
| #define HAVE_SYS_TYPES_H 1
| #define HAVE_SYS_STAT_H 1
| #define HAVE_STDLIB_H 1
| #define HAVE_STRING_H 1
| #define HAVE_MEMORY_H 1
| #define HAVE_STRINGS_H 1
| #define HAVE_INTTYPES_H 1
| #define HAVE_STDINT_H 1
| #define HAVE_UNISTD_H 1
| #define SIZEOF_INT 4
| #define SIZEOF_LONG_INT 8
| #define SIZEOF_LONG_LONG_INT 8
| #define SIZEOF_OFF_T 8
| #define FLOAT_FORMAT_IEEE754
| #define HAVE_DLFCN_H 1
| /* end confdefs.h.  */
| #include <ac_nonexistent.h>
configure:11387: checking the maximum length of command line arguments
configure:11496: result: 32768
configure:11507: checking command to parse /opt/gnu/bin/nm -B output from mpicc object
configure:11612: icpc -c -g -O2 -I/home/alarcj/gromacs_stampede/exe/gromacs-4.0.7_flatbottom/../fftw-3.3.3_sse2/exec/include -I/usr/local/include conftest.cpp >&5
configure:11615: $? = 0
configure:11619: /opt/gnu/bin/nm -B conftest.o \| sed -n -e 's/^.*[ 	]\([ABCDGIRSTW][ABCDGIRSTW]*\)[ 	][ 	]*\([_A-Za-z][_A-Za-z0-9]*\)$/\1 \2 \2/p' \> conftest.nm
configure:11622: $? = 0
configure:11674: icpc -o conftest -g -O2 -I/home/alarcj/gromacs_stampede/exe/gromacs-4.0.7_flatbottom/../fftw-3.3.3_sse2/exec/include -I/usr/local/include -L/home/alarcj/gromacs_stampede/exe/gromacs-4.0.7_flatbottom/../fftw-3.3.3_sse2/exec/lib  conftest.cpp conftstm.o >&5
configure:11677: $? = 0
configure:11715: result: ok
configure:11719: checking for objdir
configure:11734: result: .libs
configure:11826: checking for ar
configure:11842: found /opt/gnu/bin/ar
configure:11853: result: ar
configure:11922: checking for ranlib
configure:11938: found /opt/gnu/bin/ranlib
configure:11949: result: ranlib
configure:12018: checking for strip
configure:12034: found /opt/gnu/bin/strip
configure:12045: result: strip
configure:12335: checking if mpicc supports -fno-rtti -fno-exceptions
configure:12353: mpicc -c -O3 -tpp7 -axW -ip -w -funroll-all-loops -I/home/alarcj/gromacs_stampede/exe/gromacs-4.0.7_flatbottom/../fftw-3.3.3_sse2/exec/include -I/usr/local/include -fno-rtti -fno-exceptions conftest.c >&5
configure:12357: $? = 0
configure:12370: result: yes
configure:12385: checking for mpicc option to produce PIC
configure:12595: result: -fPIC
configure:12603: checking if mpicc PIC flag -fPIC works
configure:12621: mpicc -c -O3 -tpp7 -axW -ip -w -funroll-all-loops -I/home/alarcj/gromacs_stampede/exe/gromacs-4.0.7_flatbottom/../fftw-3.3.3_sse2/exec/include -I/usr/local/include -fPIC -DPIC conftest.c >&5
configure:12625: $? = 0
configure:12638: result: yes
configure:12666: checking if mpicc static flag -static works
configure:12694: result: yes
configure:12704: checking if mpicc supports -c -o file.o
configure:12725: mpicc -c -O3 -tpp7 -axW -ip -w -funroll-all-loops -I/home/alarcj/gromacs_stampede/exe/gromacs-4.0.7_flatbottom/../fftw-3.3.3_sse2/exec/include -I/usr/local/include -o out/conftest2.o conftest.c >&5
configure:12729: $? = 0
configure:12751: result: yes
configure:12777: checking whether the mpicc linker (/opt/gnu/bin/ld -m elf_x86_64) supports shared libraries
configure:13747: result: yes
configure:13814: checking dynamic linker characteristics
configure:14402: result: GNU/Linux ld.so
configure:14411: checking how to hardcode library paths into programs
configure:14436: result: immediate
configure:14450: checking whether stripping libraries is possible
configure:14455: result: yes
configure:15312: checking if libtool supports shared libraries
configure:15314: result: yes
configure:15317: checking whether to build shared libraries
configure:15338: result: no
configure:15341: checking whether to build static libraries
configure:15345: result: yes
configure:15437: creating libtool
configure:16025: checking for ld used by icpc
configure:16092: result: /opt/gnu/bin/ld -m elf_x86_64
configure:16101: checking if the linker (/opt/gnu/bin/ld -m elf_x86_64) is GNU ld
configure:16116: result: yes
configure:16167: checking whether the icpc linker (/opt/gnu/bin/ld -m elf_x86_64) supports shared libraries
configure:17117: result: yes
configure:17139: icpc -c -g -O2 -I/home/alarcj/gromacs_stampede/exe/gromacs-4.0.7_flatbottom/../fftw-3.3.3_sse2/exec/include -I/usr/local/include conftest.cpp >&5
configure:17142: $? = 0
configure:17261: checking for icpc option to produce PIC
configure:17535: result: -fPIC
configure:17543: checking if icpc PIC flag -fPIC works
configure:17561: icpc -c -g -O2 -I/home/alarcj/gromacs_stampede/exe/gromacs-4.0.7_flatbottom/../fftw-3.3.3_sse2/exec/include -I/usr/local/include -fPIC -DPIC conftest.cpp >&5
configure:17565: $? = 0
configure:17578: result: yes
configure:17606: checking if icpc static flag -static works
configure:17634: result: yes
configure:17644: checking if icpc supports -c -o file.o
configure:17665: icpc -c -g -O2 -I/home/alarcj/gromacs_stampede/exe/gromacs-4.0.7_flatbottom/../fftw-3.3.3_sse2/exec/include -I/usr/local/include -o out/conftest2.o conftest.cpp >&5
configure:17669: $? = 0
configure:17691: result: yes
configure:17717: checking whether the icpc linker (/opt/gnu/bin/ld -m elf_x86_64) supports shared libraries
configure:17742: result: yes
configure:17809: checking dynamic linker characteristics
configure:18397: result: GNU/Linux ld.so
configure:18406: checking how to hardcode library paths into programs
configure:18431: result: immediate
configure:24598: checking for special C compiler options needed for large files
configure:24699: result: no
configure:24705: checking for _FILE_OFFSET_BITS value needed for large files
configure:24748: mpicc -c -O3 -tpp7 -axW -ip -w -funroll-all-loops -I/home/alarcj/gromacs_stampede/exe/gromacs-4.0.7_flatbottom/../fftw-3.3.3_sse2/exec/include -I/usr/local/include conftest.c >&5
configure:24754: $? = 0
configure:24830: result: no
configure:24984: checking for _LARGEFILE_SOURCE value needed for large files
configure:25021: mpicc -o conftest -O3 -tpp7 -axW -ip -w -funroll-all-loops -I/home/alarcj/gromacs_stampede/exe/gromacs-4.0.7_flatbottom/../fftw-3.3.3_sse2/exec/include -I/usr/local/include -L/home/alarcj/gromacs_stampede/exe/gromacs-4.0.7_flatbottom/../fftw-3.3.3_sse2/exec/lib  conftest.c  >&5
configure:25027: $? = 0
configure:25101: result: no
configure:25135: Using built-in math library with intel compiler
configure:26267: checking for fftw3.h
configure:26298: mpicc -c -O3 -tpp7 -axW -ip -w -funroll-all-loops -I/home/alarcj/gromacs_stampede/exe/gromacs-4.0.7_flatbottom/../fftw-3.3.3_sse2/exec/include -I/usr/local/include conftest.c >&5
configure:26304: $? = 0
configure:26311: result: yes
configure:26315: checking for main in -lfftw3f
configure:26352: mpicc -o conftest -O3 -tpp7 -axW -ip -w -funroll-all-loops -I/home/alarcj/gromacs_stampede/exe/gromacs-4.0.7_flatbottom/../fftw-3.3.3_sse2/exec/include -I/usr/local/include -L/home/alarcj/gromacs_stampede/exe/gromacs-4.0.7_flatbottom/../fftw-3.3.3_sse2/exec/lib  conftest.c -lfftw3f   >&5
configure:26358: $? = 0
configure:26376: result: yes
configure:26701: checking rpc/rpc.h usability
configure:26718: mpicc -c -O3 -tpp7 -axW -ip -w -funroll-all-loops -I/home/alarcj/gromacs_stampede/exe/gromacs-4.0.7_flatbottom/../fftw-3.3.3_sse2/exec/include -I/usr/local/include conftest.c >&5
configure:26724: $? = 0
configure:26738: result: yes
configure:26742: checking rpc/rpc.h presence
configure:26757: mpicc -E -I/home/alarcj/gromacs_stampede/exe/gromacs-4.0.7_flatbottom/../fftw-3.3.3_sse2/exec/include -I/usr/local/include conftest.c
configure:26763: $? = 0
configure:26777: result: yes
configure:26810: checking for rpc/rpc.h
configure:26818: result: yes
configure:26835: checking for rpc/xdr.h
configure:26859: mpicc -c -O3 -tpp7 -axW -ip -w -funroll-all-loops -I/home/alarcj/gromacs_stampede/exe/gromacs-4.0.7_flatbottom/../fftw-3.3.3_sse2/exec/include -I/usr/local/include conftest.c >&5
configure:26865: $? = 0
configure:26881: result: yes
configure:26893: checking for xdr_float in -lnsl
configure:26936: mpicc -o conftest -O3 -tpp7 -axW -ip -w -funroll-all-loops -I/home/alarcj/gromacs_stampede/exe/gromacs-4.0.7_flatbottom/../fftw-3.3.3_sse2/exec/include -I/usr/local/include -L/home/alarcj/gromacs_stampede/exe/gromacs-4.0.7_flatbottom/../fftw-3.3.3_sse2/exec/lib  conftest.c -lnsl  -lfftw3f  >&5
configure:26942: $? = 0
configure:26960: result: yes
configure:27011: mpicc -o conftest -O3 -tpp7 -axW -ip -w -funroll-all-loops -I/home/alarcj/gromacs_stampede/exe/gromacs-4.0.7_flatbottom/../fftw-3.3.3_sse2/exec/include -I/usr/local/include -L/home/alarcj/gromacs_stampede/exe/gromacs-4.0.7_flatbottom/../fftw-3.3.3_sse2/exec/lib  conftest.c -lnsl -lfftw3f  >&5
configure:27017: $? = 0
configure:27050: checking for working memcmp
configure:27111: mpicc -o conftest -O3 -tpp7 -axW -ip -w -funroll-all-loops -I/home/alarcj/gromacs_stampede/exe/gromacs-4.0.7_flatbottom/../fftw-3.3.3_sse2/exec/include -I/usr/local/include -L/home/alarcj/gromacs_stampede/exe/gromacs-4.0.7_flatbottom/../fftw-3.3.3_sse2/exec/lib  conftest.c -lnsl -lfftw3f  >&5
configure:27114: $? = 0
configure:27120: ./conftest
configure:27123: $? = 0
configure:27139: result: yes
configure:27148: checking return type of signal handlers
configure:27184: mpicc -c -O3 -tpp7 -axW -ip -w -funroll-all-loops -I/home/alarcj/gromacs_stampede/exe/gromacs-4.0.7_flatbottom/../fftw-3.3.3_sse2/exec/include -I/usr/local/include conftest.c >&5
conftest.c(53): error: operand of "*" must be a pointer
  return *(signal (0, 0)) (0) == 1;
          ^

configure:27190: $? = 2
configure: failed program was:
| /* confdefs.h.  */
| #define PACKAGE_NAME "gromacs"
| #define PACKAGE_TARNAME "gromacs"
| #define PACKAGE_VERSION "4.0.7"
| #define PACKAGE_STRING "gromacs 4.0.7"
| #define PACKAGE_BUGREPORT "gmx-users@gromacs.org"
| #define PACKAGE "gromacs"
| #define VERSION "4.0.7"
| #define GMX_SOFTWARE_SQRT
| #define GMX_QMMM_GAUSSIAN
| #define BUILD_TIME "Tue Jul 14 16:27:55 PDT 2015"
| #define BUILD_USER "alarcj@comet-ln2.sdsc.edu"
| #define BUILD_MACHINE "Linux 3.10.73-1.el6.elrepo.x86_64 x86_64"
| #define GMX_MPI
| #define F77_OR_C_FUNC(name,NAME) name
| #define F77_OR_C_FUNC_(name,NAME) name
| #define STDC_HEADERS 1
| #define HAVE_SYS_TYPES_H 1
| #define HAVE_SYS_STAT_H 1
| #define HAVE_STDLIB_H 1
| #define HAVE_STRING_H 1
| #define HAVE_MEMORY_H 1
| #define HAVE_STRINGS_H 1
| #define HAVE_INTTYPES_H 1
| #define HAVE_STDINT_H 1
| #define HAVE_UNISTD_H 1
| #define SIZEOF_INT 4
| #define SIZEOF_LONG_INT 8
| #define SIZEOF_LONG_LONG_INT 8
| #define SIZEOF_OFF_T 8
| #define FLOAT_FORMAT_IEEE754
| #define HAVE_DLFCN_H 1
| #define HAVE_FSEEKO 1
| #define HAVE_LIBFFTW3F 1
| #define HAVE_RPC_RPC_H 1
| #define HAVE_RPC_XDR_H 1
| #define HAVE_LIBNSL 1
| /* end confdefs.h.  */
| #include <sys/types.h>
| #include <signal.h>
| 
| #ifdef F77_DUMMY_MAIN
| 
| #  ifdef __cplusplus
|      extern "C"
| #  endif
|    int F77_DUMMY_MAIN() { return 1; }
| 
| #endif
| int
| main ()
| {
| return *(signal (0, 0)) (0) == 1;
|   ;
|   return 0;
| }
configure:27205: result: void
configure:27213: checking for off_t
configure:27272: result: yes
configure:27288: checking for vprintf
configure:27352: mpicc -o conftest -O3 -tpp7 -axW -ip -w -funroll-all-loops -I/home/alarcj/gromacs_stampede/exe/gromacs-4.0.7_flatbottom/../fftw-3.3.3_sse2/exec/include -I/usr/local/include -L/home/alarcj/gromacs_stampede/exe/gromacs-4.0.7_flatbottom/../fftw-3.3.3_sse2/exec/lib  conftest.c -lnsl -lfftw3f  >&5
configure:27358: $? = 0
configure:27376: result: yes
configure:27383: checking for _doprnt
configure:27447: mpicc -o conftest -O3 -tpp7 -axW -ip -w -funroll-all-loops -I/home/alarcj/gromacs_stampede/exe/gromacs-4.0.7_flatbottom/../fftw-3.3.3_sse2/exec/include -I/usr/local/include -L/home/alarcj/gromacs_stampede/exe/gromacs-4.0.7_flatbottom/../fftw-3.3.3_sse2/exec/lib  conftest.c -lnsl -lfftw3f  >&5
/tmp/icc4mJbZh.o: In function `main':
conftest.c:(.text+0x35): undefined reference to `_doprnt'
configure:27453: $? = 1
configure: failed program was:
| /* confdefs.h.  */
| #define PACKAGE_NAME "gromacs"
| #define PACKAGE_TARNAME "gromacs"
| #define PACKAGE_VERSION "4.0.7"
| #define PACKAGE_STRING "gromacs 4.0.7"
| #define PACKAGE_BUGREPORT "gmx-users@gromacs.org"
| #define PACKAGE "gromacs"
| #define VERSION "4.0.7"
| #define GMX_SOFTWARE_SQRT
| #define GMX_QMMM_GAUSSIAN
| #define BUILD_TIME "Tue Jul 14 16:27:55 PDT 2015"
| #define BUILD_USER "alarcj@comet-ln2.sdsc.edu"
| #define BUILD_MACHINE "Linux 3.10.73-1.el6.elrepo.x86_64 x86_64"
| #define GMX_MPI
| #define F77_OR_C_FUNC(name,NAME) name
| #define F77_OR_C_FUNC_(name,NAME) name
| #define STDC_HEADERS 1
| #define HAVE_SYS_TYPES_H 1
| #define HAVE_SYS_STAT_H 1
| #define HAVE_STDLIB_H 1
| #define HAVE_STRING_H 1
| #define HAVE_MEMORY_H 1
| #define HAVE_STRINGS_H 1
| #define HAVE_INTTYPES_H 1
| #define HAVE_STDINT_H 1
| #define HAVE_UNISTD_H 1
| #define SIZEOF_INT 4
| #define SIZEOF_LONG_INT 8
| #define SIZEOF_LONG_LONG_INT 8
| #define SIZEOF_OFF_T 8
| #define FLOAT_FORMAT_IEEE754
| #define HAVE_DLFCN_H 1
| #define HAVE_FSEEKO 1
| #define HAVE_LIBFFTW3F 1
| #define HAVE_RPC_RPC_H 1
| #define HAVE_RPC_XDR_H 1
| #define HAVE_LIBNSL 1
| #define RETSIGTYPE void
| #define HAVE_VPRINTF 1
| /* end confdefs.h.  */
| /* Define _doprnt to an innocuous variant, in case <limits.h> declares _doprnt.
|    For example, HP-UX 11i <limits.h> declares gettimeofday.  */
| #define _doprnt innocuous__doprnt
| 
| /* System header to define __stub macros and hopefully few prototypes,
|     which can conflict with char _doprnt (); below.
|     Prefer <limits.h> to <assert.h> if __STDC__ is defined, since
|     <limits.h> exists even on freestanding compilers.  */
| 
| #ifdef __STDC__
| # include <limits.h>
| #else
| # include <assert.h>
| #endif
| 
| #undef _doprnt
| 
| /* Override any GCC internal prototype to avoid an error.
|    Use char because int might match the return type of a GCC
|    builtin and then its argument prototype would still apply.  */
| #ifdef __cplusplus
| extern "C"
| #endif
| char _doprnt ();
| /* The GNU C library defines this for functions which it implements
|     to always fail with ENOSYS.  Some functions are actually named
|     something starting with __ and the normal name is an alias.  */
| #if defined __stub__doprnt || defined __stub____doprnt
| choke me
| #endif
| 
| #ifdef F77_DUMMY_MAIN
| 
| #  ifdef __cplusplus
|      extern "C"
| #  endif
|    int F77_DUMMY_MAIN() { return 1; }
| 
| #endif
| int
| main ()
| {
| return _doprnt ();
|   ;
|   return 0;
| }
configure:27470: result: no
configure:27484: checking if malloc debugging is wanted
configure:27504: result: no
configure:27513: checking for strcasecmp
configure:27577: mpicc -o conftest -O3 -tpp7 -axW -ip -w -funroll-all-loops -I/home/alarcj/gromacs_stampede/exe/gromacs-4.0.7_flatbottom/../fftw-3.3.3_sse2/exec/include -I/usr/local/include -L/home/alarcj/gromacs_stampede/exe/gromacs-4.0.7_flatbottom/../fftw-3.3.3_sse2/exec/lib  conftest.c -lnsl -lfftw3f  >&5
configure:27583: $? = 0
configure:27601: result: yes
configure:27615: checking for strdup
configure:27679: mpicc -o conftest -O3 -tpp7 -axW -ip -w -funroll-all-loops -I/home/alarcj/gromacs_stampede/exe/gromacs-4.0.7_flatbottom/../fftw-3.3.3_sse2/exec/include -I/usr/local/include -L/home/alarcj/gromacs_stampede/exe/gromacs-4.0.7_flatbottom/../fftw-3.3.3_sse2/exec/lib  conftest.c -lnsl -lfftw3f  >&5
configure:27685: $? = 0
configure:27703: result: yes
configure:27714: checking for bool
configure:27752: mpicc -c -O3 -tpp7 -axW -ip -w -funroll-all-loops -I/home/alarcj/gromacs_stampede/exe/gromacs-4.0.7_flatbottom/../fftw-3.3.3_sse2/exec/include -I/usr/local/include conftest.c >&5
conftest.c(76): error: identifier "bool" is undefined
  typedef bool ac__type_new_;
          ^

configure:27758: $? = 2
configure: failed program was:
| /* confdefs.h.  */
| #define PACKAGE_NAME "gromacs"
| #define PACKAGE_TARNAME "gromacs"
| #define PACKAGE_VERSION "4.0.7"
| #define PACKAGE_STRING "gromacs 4.0.7"
| #define PACKAGE_BUGREPORT "gmx-users@gromacs.org"
| #define PACKAGE "gromacs"
| #define VERSION "4.0.7"
| #define GMX_SOFTWARE_SQRT
| #define GMX_QMMM_GAUSSIAN
| #define BUILD_TIME "Tue Jul 14 16:27:55 PDT 2015"
| #define BUILD_USER "alarcj@comet-ln2.sdsc.edu"
| #define BUILD_MACHINE "Linux 3.10.73-1.el6.elrepo.x86_64 x86_64"
| #define GMX_MPI
| #define F77_OR_C_FUNC(name,NAME) name
| #define F77_OR_C_FUNC_(name,NAME) name
| #define STDC_HEADERS 1
| #define HAVE_SYS_TYPES_H 1
| #define HAVE_SYS_STAT_H 1
| #define HAVE_STDLIB_H 1
| #define HAVE_STRING_H 1
| #define HAVE_MEMORY_H 1
| #define HAVE_STRINGS_H 1
| #define HAVE_INTTYPES_H 1
| #define HAVE_STDINT_H 1
| #define HAVE_UNISTD_H 1
| #define SIZEOF_INT 4
| #define SIZEOF_LONG_INT 8
| #define SIZEOF_LONG_LONG_INT 8
| #define SIZEOF_OFF_T 8
| #define FLOAT_FORMAT_IEEE754
| #define HAVE_DLFCN_H 1
| #define HAVE_FSEEKO 1
| #define HAVE_LIBFFTW3F 1
| #define HAVE_RPC_RPC_H 1
| #define HAVE_RPC_XDR_H 1
| #define HAVE_LIBNSL 1
| #define RETSIGTYPE void
| #define HAVE_VPRINTF 1
| #define HAVE_STRCASECMP 1
| #define HAVE_STRDUP 1
| /* end confdefs.h.  */
| #include <stdio.h>
| #ifdef HAVE_SYS_TYPES_H
| # include <sys/types.h>
| #endif
| #ifdef HAVE_SYS_STAT_H
| # include <sys/stat.h>
| #endif
| #ifdef STDC_HEADERS
| # include <stdlib.h>
| # include <stddef.h>
| #else
| # ifdef HAVE_STDLIB_H
| #  include <stdlib.h>
| # endif
| #endif
| #ifdef HAVE_STRING_H
| # if !defined STDC_HEADERS && defined HAVE_MEMORY_H
| #  include <memory.h>
| # endif
| # include <string.h>
| #endif
| #ifdef HAVE_STRINGS_H
| # include <strings.h>
| #endif
| #ifdef HAVE_INTTYPES_H
| # include <inttypes.h>
| #endif
| #ifdef HAVE_STDINT_H
| # include <stdint.h>
| #endif
| #ifdef HAVE_UNISTD_H
| # include <unistd.h>
| #endif
| typedef bool ac__type_new_;
| #ifdef F77_DUMMY_MAIN
| 
| #  ifdef __cplusplus
|      extern "C"
| #  endif
|    int F77_DUMMY_MAIN() { return 1; }
| 
| #endif
| int
| main ()
| {
| if ((ac__type_new_ *) 0)
|   return 0;
| if (sizeof (ac__type_new_))
|   return 0;
|   ;
|   return 0;
| }
configure:27773: result: no
configure:27793: checking for int
configure:27852: result: yes
configure:27859: checking size of int
configure:28244: result: 4
configure:28254: checking for long int
configure:28313: result: yes
configure:28320: checking size of long int
configure:28705: result: 8
configure:28715: checking for long long int
configure:28774: result: yes
configure:28781: checking size of long long int
configure:29166: result: 8
configure:29176: checking for off_t
configure:29235: result: yes
configure:29242: checking size of off_t
configure:29627: result: 8
configure:29637: checking for void*
configure:29675: mpicc -c -O3 -tpp7 -axW -ip -w -funroll-all-loops -I/home/alarcj/gromacs_stampede/exe/gromacs-4.0.7_flatbottom/../fftw-3.3.3_sse2/exec/include -I/usr/local/include conftest.c >&5
configure:29681: $? = 0
configure:29696: result: yes
configure:29703: checking size of void*
configure:30053: mpicc -o conftest -O3 -tpp7 -axW -ip -w -funroll-all-loops -I/home/alarcj/gromacs_stampede/exe/gromacs-4.0.7_flatbottom/../fftw-3.3.3_sse2/exec/include -I/usr/local/include -L/home/alarcj/gromacs_stampede/exe/gromacs-4.0.7_flatbottom/../fftw-3.3.3_sse2/exec/lib  conftest.c -lnsl -lfftw3f  >&5
configure:30056: $? = 0
configure:30062: ./conftest
configure:30065: $? = 0
configure:30088: result: 8
configure:30123: checking for X
configure:30355: result: disabled
configure:32174: checking limits.h usability
configure:32191: mpicc -c -O3 -tpp7 -axW -ip -w -funroll-all-loops -I/home/alarcj/gromacs_stampede/exe/gromacs-4.0.7_flatbottom/../fftw-3.3.3_sse2/exec/include -I/usr/local/include conftest.c >&5
configure:32197: $? = 0
configure:32211: result: yes
configure:32215: checking limits.h presence
configure:32230: mpicc -E -I/home/alarcj/gromacs_stampede/exe/gromacs-4.0.7_flatbottom/../fftw-3.3.3_sse2/exec/include -I/usr/local/include conftest.c
configure:32236: $? = 0
configure:32250: result: yes
configure:32283: checking for limits.h
configure:32291: result: yes
configure:32164: checking for strings.h
configure:32170: result: yes
configure:32164: checking for unistd.h
configure:32170: result: yes
configure:32313: checking for unistd.h
configure:32319: result: yes
configure:32456: checking for an ANSI C-conforming const
configure:32539: mpicc -c -O3 -tpp7 -axW -ip -w -funroll-all-loops -I/home/alarcj/gromacs_stampede/exe/gromacs-4.0.7_flatbottom/../fftw-3.3.3_sse2/exec/include -I/usr/local/include conftest.c >&5
configure:32545: $? = 0
configure:32560: result: yes
configure:32570: checking for size_t
configure:32608: mpicc -c -O3 -tpp7 -axW -ip -w -funroll-all-loops -I/home/alarcj/gromacs_stampede/exe/gromacs-4.0.7_flatbottom/../fftw-3.3.3_sse2/exec/include -I/usr/local/include conftest.c >&5
configure:32614: $? = 0
configure:32629: result: yes
configure:32641: checking whether struct tm is in sys/time.h or time.h
configure:32679: mpicc -c -O3 -tpp7 -axW -ip -w -funroll-all-loops -I/home/alarcj/gromacs_stampede/exe/gromacs-4.0.7_flatbottom/../fftw-3.3.3_sse2/exec/include -I/usr/local/include conftest.c >&5
configure:32685: $? = 0
configure:32700: result: time.h
configure:32710: checking for uid_t in sys/types.h
configure:32733: result: yes
configure:32748: checking for inline
configure:32774: mpicc -c -O3 -tpp7 -axW -ip -w -funroll-all-loops -I/home/alarcj/gromacs_stampede/exe/gromacs-4.0.7_flatbottom/../fftw-3.3.3_sse2/exec/include -I/usr/local/include conftest.c >&5
configure:32780: $? = 0
configure:32798: result: inline
configure:32822: checking whether your compiler can handle assembly files (*.s)
configure:32841: mpicc -O3 -tpp7 -axW -ip -w -funroll-all-loops -c conftestasm.s
configure:32844: $? = 0
configure:32847: result: yes
configure:32967: checking whether as fully supports X86_64 SSE instructions
configure:32977: mpicc -O3 -tpp7 -axW -ip -w -funroll-all-loops -c conftest.s
configure:32980: $? = 0
configure:32982: result: yes
configure:33362: checking whether byte ordering is bigendian
configure:33611: result: no
configure:34165: creating ./config.status

## ---------------------- ##
## Running config.status. ##
## ---------------------- ##

This file was extended by gromacs config.status 4.0.7, which was
generated by GNU Autoconf 2.61.  Invocation command line was

  CONFIG_FILES    = 
  CONFIG_HEADERS  = 
  CONFIG_LINKS    = 
  CONFIG_COMMANDS = 
  $ ./config.status 

on comet-ln2.sdsc.edu

config.status:762: creating Makefile
config.status:762: creating src/Makefile
config.status:762: creating src/gmxlib/Makefile
config.status:762: creating src/gmxlib/gmx_blas/Makefile
config.status:762: creating src/gmxlib/gmx_lapack/Makefile
config.status:762: creating src/gmxlib/nonbonded/Makefile
config.status:762: creating src/gmxlib/nonbonded/nb_kernel/Makefile
config.status:762: creating src/gmxlib/nonbonded/nb_kernel_ia32_3dnow/Makefile
config.status:762: creating src/gmxlib/nonbonded/nb_kernel_ia32_sse/Makefile
config.status:762: creating src/gmxlib/nonbonded/nb_kernel_ia32_sse2/Makefile
config.status:762: creating src/gmxlib/nonbonded/nb_kernel_x86_64_sse/Makefile
config.status:762: creating src/gmxlib/nonbonded/nb_kernel_x86_64_sse2/Makefile
config.status:762: creating src/gmxlib/nonbonded/nb_kernel_ppc_altivec/Makefile
config.status:762: creating src/gmxlib/nonbonded/nb_kernel_ia64_single/Makefile
config.status:762: creating src/gmxlib/nonbonded/nb_kernel_ia64_double/Makefile
config.status:762: creating src/gmxlib/nonbonded/nb_kernel_bluegene/Makefile
config.status:762: creating include/Makefile
config.status:762: creating include/types/Makefile
config.status:762: creating src/mdlib/Makefile
config.status:762: creating src/kernel/Makefile
config.status:762: creating src/tools/Makefile
config.status:762: creating src/ngmx/Makefile
config.status:762: creating src/contrib/Makefile
config.status:762: creating scripts/Makefile
config.status:762: creating admin/Makefile
config.status:762: creating share/Makefile
config.status:762: creating share/tutor/Makefile
config.status:762: creating share/tutor/gmxdemo/Makefile
config.status:762: creating share/tutor/nmr1/Makefile
config.status:762: creating share/tutor/nmr2/Makefile
config.status:762: creating share/tutor/water/Makefile
config.status:762: creating share/tutor/mixed/Makefile
config.status:762: creating share/tutor/methanol/Makefile
config.status:762: creating share/tutor/speptide/Makefile
config.status:762: creating share/template/Makefile
config.status:762: creating share/top/Makefile
config.status:762: creating share/html/Makefile
config.status:762: creating share/html/images/Makefile
config.status:762: creating share/html/online/Makefile
config.status:762: creating man/Makefile
config.status:762: creating man/man1/Makefile
config.status:762: creating src/config.h
config.status:1075: executing depfiles commands

## ---------------- ##
## Cache variables. ##
## ---------------- ##

ac_cv_build=x86_64-unknown-linux-gnu
ac_cv_c_bigendian=no
ac_cv_c_compiler_gnu=no
ac_cv_c_const=yes
ac_cv_c_inline=inline
ac_cv_cxx_compiler_gnu=yes
ac_cv_env_CCASFLAGS_set=
ac_cv_env_CCASFLAGS_value=
ac_cv_env_CCAS_set=
ac_cv_env_CCAS_value=
ac_cv_env_CCC_set=
ac_cv_env_CCC_value=
ac_cv_env_CC_set=set
ac_cv_env_CC_value=icc
ac_cv_env_CFLAGS_set=
ac_cv_env_CFLAGS_value=
ac_cv_env_CPPFLAGS_set=set
ac_cv_env_CPPFLAGS_value=-I/home/alarcj/gromacs_stampede/exe/gromacs-4.0.7_flatbottom/../fftw-3.3.3_sse2/exec/include
ac_cv_env_CPP_set=
ac_cv_env_CPP_value=
ac_cv_env_CXXCPP_set=
ac_cv_env_CXXCPP_value=
ac_cv_env_CXXFLAGS_set=
ac_cv_env_CXXFLAGS_value=
ac_cv_env_CXX_set=set
ac_cv_env_CXX_value=icpc
ac_cv_env_F77_set=
ac_cv_env_F77_value=
ac_cv_env_FFLAGS_set=
ac_cv_env_FFLAGS_value=
ac_cv_env_LDFLAGS_set=set
ac_cv_env_LDFLAGS_value=-L/home/alarcj/gromacs_stampede/exe/gromacs-4.0.7_flatbottom/../fftw-3.3.3_sse2/exec/lib
ac_cv_env_LIBS_set=
ac_cv_env_LIBS_value=
ac_cv_env_XMKMF_set=
ac_cv_env_XMKMF_value=
ac_cv_env_build_alias_set=
ac_cv_env_build_alias_value=
ac_cv_env_host_alias_set=
ac_cv_env_host_alias_value=
ac_cv_env_target_alias_set=
ac_cv_env_target_alias_value=
ac_cv_func__doprnt=no
ac_cv_func_memcmp_working=yes
ac_cv_func_strcasecmp=yes
ac_cv_func_strdup=yes
ac_cv_func_vprintf=yes
ac_cv_header_dlfcn_h=yes
ac_cv_header_inttypes_h=yes
ac_cv_header_limits_h=yes
ac_cv_header_memory_h=yes
ac_cv_header_rpc_rpc_h=yes
ac_cv_header_rpc_xdr_h=yes
ac_cv_header_stdc=yes
ac_cv_header_stdint_h=yes
ac_cv_header_stdlib_h=yes
ac_cv_header_string_h=yes
ac_cv_header_strings_h=yes
ac_cv_header_sys_stat_h=yes
ac_cv_header_sys_types_h=yes
ac_cv_header_unistd_h=yes
ac_cv_host=x86_64-unknown-linux-gnu
ac_cv_lib_fftw3f_main=yes
ac_cv_lib_nsl_xdr_float=yes
ac_cv_objext=o
ac_cv_path_EGREP='/bin/grep -E'
ac_cv_path_GREP=/bin/grep
ac_cv_path_install='/usr/bin/install -c'
ac_cv_path_mkdir=/bin/mkdir
ac_cv_prog_AWK=gawk
ac_cv_prog_CPP='mpicc -E'
ac_cv_prog_CXXCPP='icpc -E'
ac_cv_prog_MPICC=mpicc
ac_cv_prog_ac_ct_AR=ar
ac_cv_prog_ac_ct_RANLIB=ranlib
ac_cv_prog_ac_ct_STRIP=strip
ac_cv_prog_cc_c89=
ac_cv_prog_cc_g=yes
ac_cv_prog_cxx_g=yes
ac_cv_prog_make_make_set=yes
ac_cv_sizeof_int=4
ac_cv_sizeof_long_int=8
ac_cv_sizeof_long_long_int=8
ac_cv_sizeof_off_t=8
ac_cv_sizeof_voidp=8
ac_cv_struct_tm=time.h
ac_cv_sys_file_offset_bits=no
ac_cv_sys_largefile_CC=no
ac_cv_sys_largefile_source=no
ac_cv_type_bool=no
ac_cv_type_int=yes
ac_cv_type_long_int=yes
ac_cv_type_long_long_int=yes
ac_cv_type_off_t=yes
ac_cv_type_signal=void
ac_cv_type_size_t=yes
ac_cv_type_uid_t=yes
ac_cv_type_voidp=yes
am_cv_CCAS_dependencies_compiler_type=gcc3
am_cv_CC_dependencies_compiler_type=gcc3
am_cv_CXX_dependencies_compiler_type=gcc3
am_cv_prog_tar_ustar=gnutar
lt_cv_deplibs_check_method=pass_all
lt_cv_file_magic_cmd='$MAGIC_CMD'
lt_cv_file_magic_test_file=
lt_cv_ld_reload_flag=-r
lt_cv_objdir=.libs
lt_cv_path_LD=/opt/gnu/bin/ld
lt_cv_path_LDCXX='/opt/gnu/bin/ld -m elf_x86_64'
lt_cv_path_NM='/opt/gnu/bin/nm -B'
lt_cv_path_SED=/bin/sed
lt_cv_prog_compiler_c_o=yes
lt_cv_prog_compiler_c_o_CXX=yes
lt_cv_prog_compiler_rtti_exceptions=yes
lt_cv_prog_gnu_ld=yes
lt_cv_prog_gnu_ldcxx=yes
lt_cv_sys_global_symbol_pipe='sed -n -e '\''s/^.*[ 	]\([ABCDGIRSTW][ABCDGIRSTW]*\)[ 	][ 	]*\([_A-Za-z][_A-Za-z0-9]*\)$/\1 \2 \2/p'\'''
lt_cv_sys_global_symbol_to_c_name_address='sed -n -e '\''s/^: \([^ ]*\) $/  {\"\1\", (lt_ptr) 0},/p'\'' -e '\''s/^[BCDEGRST] \([^ ]*\) \([^ ]*\)$/  {"\2", (lt_ptr) \&\2},/p'\'''
lt_cv_sys_global_symbol_to_cdecl='sed -n -e '\''s/^. .* \(.*\)$/extern int \1;/p'\'''
lt_cv_sys_max_cmd_len=32768
lt_lt_cv_prog_compiler_c_o='"yes"'
lt_lt_cv_prog_compiler_c_o_CXX='"yes"'
lt_lt_cv_sys_global_symbol_pipe='"sed -n -e '\''s/^.*[ 	]\\([ABCDGIRSTW][ABCDGIRSTW]*\\)[ 	][ 	]*\\([_A-Za-z][_A-Za-z0-9]*\\)\$/\\1 \\2 \\2/p'\''"'
lt_lt_cv_sys_global_symbol_to_c_name_address='"sed -n -e '\''s/^: \\([^ ]*\\) \$/  {\\\"\\1\\\", (lt_ptr) 0},/p'\'' -e '\''s/^[BCDEGRST] \\([^ ]*\\) \\([^ ]*\\)\$/  {\"\\2\", (lt_ptr) \\&\\2},/p'\''"'
lt_lt_cv_sys_global_symbol_to_cdecl='"sed -n -e '\''s/^. .* \\(.*\\)\$/extern int \\1;/p'\''"'

## ----------------- ##
## Output variables. ##
## ----------------- ##

ACLOCAL='${SHELL} /home/alarcj/gromacs_stampede/exe/gromacs-4.0.7_flatbottom/config/missing --run aclocal-1.10'
AMDEPBACKSLASH='\'
AMDEP_FALSE='#'
AMDEP_TRUE=''
AMTAR='${SHELL} /home/alarcj/gromacs_stampede/exe/gromacs-4.0.7_flatbottom/config/missing --run tar'
AR='ar'
AS='mpicc'
ASFLAGS='-O3 -tpp7 -axW -ip -w'
AUTOCONF='${SHELL} /home/alarcj/gromacs_stampede/exe/gromacs-4.0.7_flatbottom/config/missing --run autoconf'
AUTOHEADER='${SHELL} /home/alarcj/gromacs_stampede/exe/gromacs-4.0.7_flatbottom/config/missing --run autoheader'
AUTOMAKE='${SHELL} /home/alarcj/gromacs_stampede/exe/gromacs-4.0.7_flatbottom/config/missing --run automake-1.10'
AWK='gawk'
CC='mpicc'
CCAS='mpicc'
CCASDEPMODE='depmode=gcc3'
CCASFLAGS='-O3 -tpp7 -axW -ip -w -funroll-all-loops'
CCDEPMODE='depmode=gcc3'
CC_FOR_BUILD='icc'
CFLAGS='-O3 -tpp7 -axW -ip -w -funroll-all-loops'
CPP='mpicc -E'
CPPFLAGS='-I/home/alarcj/gromacs_stampede/exe/gromacs-4.0.7_flatbottom/../fftw-3.3.3_sse2/exec/include -I/usr/local/include'
CXX='icpc'
CXXCPP='icpc -E'
CXXDEPMODE='depmode=gcc3'
CXXFLAGS='-g -O2'
CYGPATH_W='echo'
DEFS='-DHAVE_CONFIG_H'
DEPDIR='.deps'
DLLTOOL='dlltool'
ECHO='echo'
ECHO_C=''
ECHO_N='-n'
ECHO_T=''
EGREP='/bin/grep -E'
EXEEXT=''
F77=''
F77LINK='$(LINK)'
FFLAGS=''
FLIBS=''
GMXANA_LIBOBJS=''
GMXLIB_LIBOBJS=''
GMX_BLUEGENE_FALSE=''
GMX_BLUEGENE_TRUE='#'
GMX_DOUBLE_FALSE=''
GMX_DOUBLE_TRUE='#'
GMX_EXTERNAL_BLAS_FALSE=''
GMX_EXTERNAL_BLAS_TRUE='#'
GMX_EXTERNAL_LAPACK_FALSE=''
GMX_EXTERNAL_LAPACK_TRUE='#'
GMX_FORTRAN_FALSE=''
GMX_FORTRAN_TRUE='#'
GMX_IA32_3DNOW_FALSE=''
GMX_IA32_3DNOW_TRUE='#'
GMX_IA32_SSE2_FALSE=''
GMX_IA32_SSE2_TRUE='#'
GMX_IA32_SSE_FALSE=''
GMX_IA32_SSE_TRUE='#'
GMX_IA64_ASM_DOUBLE_FALSE=''
GMX_IA64_ASM_DOUBLE_TRUE='#'
GMX_IA64_ASM_SINGLE_FALSE=''
GMX_IA64_ASM_SINGLE_TRUE='#'
GMX_POWERPC_SQRT_FALSE=''
GMX_POWERPC_SQRT_SINGLE_ITERATION_FALSE=''
GMX_POWERPC_SQRT_SINGLE_ITERATION_TRUE='#'
GMX_POWERPC_SQRT_TRUE='#'
GMX_PPC_ALTIVEC_FALSE=''
GMX_PPC_ALTIVEC_TRUE='#'
GMX_PREFETCH_FORCES_FALSE=''
GMX_PREFETCH_FORCES_TRUE='#'
GMX_SOFTWARE_SQRT_FALSE='#'
GMX_SOFTWARE_SQRT_TRUE=''
GMX_X86_64_SSE2_FALSE=''
GMX_X86_64_SSE2_TRUE='#'
GMX_X86_64_SSE_FALSE='#'
GMX_X86_64_SSE_TRUE=''
GREP='/bin/grep'
INCLUDES=''
INSTALL_DATA='${INSTALL} -m 644'
INSTALL_PROGRAM='${INSTALL}'
INSTALL_SCRIPT='${INSTALL}'
INSTALL_STRIP_PROGRAM='$(install_sh) -c -s'
LDFLAGS='-L/home/alarcj/gromacs_stampede/exe/gromacs-4.0.7_flatbottom/../fftw-3.3.3_sse2/exec/lib  '
LIBOBJS=''
LIBS='-lnsl -lfftw3f  '
LIBSUFFIX='_mpi'
LIBTOOL='$(SHELL) $(top_builddir)/libtool'
LN_S='ln -s'
LTLIBOBJS=''
MAKEINFO='${SHELL} /home/alarcj/gromacs_stampede/exe/gromacs-4.0.7_flatbottom/config/missing --run makeinfo'
MDLIB_LIBOBJS=' qm_gaussian.lo gmx_fft_fftw3.lo'
MPICC='mpicc'
OBJDUMP='objdump'
OBJEXT='o'
PACKAGE='gromacs'
PACKAGE_BUGREPORT='gmx-users@gromacs.org'
PACKAGE_NAME='gromacs'
PACKAGE_STRING='gromacs 4.0.7'
PACKAGE_TARNAME='gromacs'
PACKAGE_VERSION='4.0.7'
PATH_SEPARATOR=':'
RANLIB='ranlib'
RPM='rpm'
SET_MAKE=''
SHARED_VERSION_INFO='5:0:0'
SHELL='/bin/sh'
STRIP='strip'
USE_X11_FALSE=''
USE_X11_TRUE='#'
VERSION='4.0.7'
XMKMF=''
X_CFLAGS=''
X_EXTRA_LIBS=''
X_LIBS=''
X_PRE_LIBS=''
ac_ct_CC=''
ac_ct_CXX=''
ac_ct_F77=''
am__fastdepCCAS_FALSE='#'
am__fastdepCCAS_TRUE=''
am__fastdepCC_FALSE='#'
am__fastdepCC_TRUE=''
am__fastdepCXX_FALSE='#'
am__fastdepCXX_TRUE=''
am__include='include'
am__isrc=''
am__leading_dot='.'
am__quote=''
am__tar='tar --format=ustar -chf - "$$tardir"'
am__untar='tar -xf -'
bindir='${exec_prefix}/bin'
build='x86_64-unknown-linux-gnu'
build_alias=''
build_cpu='x86_64'
build_os='linux-gnu'
build_vendor='unknown'
datadir='${datarootdir}'
datarootdir='${prefix}/share'
docdir='${datarootdir}/doc/${PACKAGE_TARNAME}'
dvidir='${docdir}'
exec_prefix='${prefix}'
host='x86_64-unknown-linux-gnu'
host_alias=''
host_cpu='x86_64'
host_os='linux-gnu'
host_vendor='unknown'
htmldir='${docdir}'
includedir='${prefix}/include'
infodir='${datarootdir}/info'
install_sh='$(SHELL) /home/alarcj/gromacs_stampede/exe/gromacs-4.0.7_flatbottom/config/install-sh'
libdir='${exec_prefix}/lib'
libexecdir='${exec_prefix}/libexec'
localedir='${datarootdir}/locale'
localstatedir='${prefix}/var'
mandir='${datarootdir}/man'
mkdir_p='/bin/mkdir -p'
oldincludedir='/usr/include'
pdfdir='${docdir}'
prefix='/home/alarcj/gromacs_stampede/exe/gromacs-4.0.7_flatbottom/exec'
program_transform_name='s&$$&_mpi&'
psdir='${docdir}'
sbindir='${exec_prefix}/sbin'
sharedstatedir='${prefix}/com'
sysconfdir='${prefix}/etc'
target_alias=''

## ----------- ##
## confdefs.h. ##
## ----------- ##

#define PACKAGE_NAME "gromacs"
#define PACKAGE_TARNAME "gromacs"
#define PACKAGE_VERSION "4.0.7"
#define PACKAGE_STRING "gromacs 4.0.7"
#define PACKAGE_BUGREPORT "gmx-users@gromacs.org"
#define PACKAGE "gromacs"
#define VERSION "4.0.7"
#define GMX_SOFTWARE_SQRT
#define GMX_QMMM_GAUSSIAN
#define BUILD_TIME "Tue Jul 14 16:27:55 PDT 2015"
#define BUILD_USER "alarcj@comet-ln2.sdsc.edu"
#define BUILD_MACHINE "Linux 3.10.73-1.el6.elrepo.x86_64 x86_64"
#define GMX_MPI
#define F77_OR_C_FUNC(name,NAME) name
#define F77_OR_C_FUNC_(name,NAME) name
#define STDC_HEADERS 1
#define HAVE_SYS_TYPES_H 1
#define HAVE_SYS_STAT_H 1
#define HAVE_STDLIB_H 1
#define HAVE_STRING_H 1
#define HAVE_MEMORY_H 1
#define HAVE_STRINGS_H 1
#define HAVE_INTTYPES_H 1
#define HAVE_STDINT_H 1
#define HAVE_UNISTD_H 1
#define SIZEOF_INT 4
#define SIZEOF_LONG_INT 8
#define SIZEOF_LONG_LONG_INT 8
#define SIZEOF_OFF_T 8
#define FLOAT_FORMAT_IEEE754
#define HAVE_DLFCN_H 1
#define HAVE_FSEEKO 1
#define HAVE_LIBFFTW3F 1
#define HAVE_RPC_RPC_H 1
#define HAVE_RPC_XDR_H 1
#define HAVE_LIBNSL 1
#define RETSIGTYPE void
#define HAVE_VPRINTF 1
#define HAVE_STRCASECMP 1
#define HAVE_STRDUP 1
#define SIZEOF_INT 4
#define SIZEOF_LONG_INT 8
#define SIZEOF_LONG_LONG_INT 8
#define SIZEOF_OFF_T 8
#define SIZEOF_VOIDP 8
#define X_DISPLAY_MISSING 1
#define HAVE_LIMITS_H 1
#define HAVE_STRINGS_H 1
#define HAVE_UNISTD_H 1
#define HAVE_UNISTD_H 1
#define GMX_X86_64_SSE

configure: exit 0
